<?xml version="1.0" encoding="UTF-8" standalone="yes"?><testsuite timestamp="2013-09-03T16:10:00Z" time="0.0" tests="4" name="UALocationEventApplicationTests" hostname="admin-2.prod.urbanairship.com" failures="0"><testcase time="0.0030" name="testInitWhenAnalyticsInBackground" classname="UALocationEventApplicationTests"/><testcase time="0.0" name="testInitWithLocationManager" classname="UALocationEventApplicationTests"/><testcase time="0.0" name="testInitWithProvider" classname="UALocationEventApplicationTests"/><testcase time="0.0" name="testInitWithSigChangeProviderSetsDistanceFilterDesiredAccuracyNone" classname="UALocationEventApplicationTests"/></testsuite>