<?xml version="1.0" encoding="UTF-8" standalone="yes"?><testsuite timestamp="2013-09-03T16:10:03Z" time="0.0" tests="2" name="UAirshipApplicationTests" hostname="admin-2.prod.urbanairship.com" failures="0"><testcase time="0.505" name="testExceptionForTakeOffOnNotTheMainThread" classname="UAirshipApplicationTests"/><testcase time="0.0" name="testLocationGetSet" classname="UAirshipApplicationTests"/></testsuite>