<?xml version="1.0" encoding="UTF-8" standalone="yes"?><testsuite timestamp="2013-09-03T16:10:03Z" time="3.0" tests="9" name="UALocationServicesApplicationTest" hostname="admin-2.prod.urbanairship.com" failures="0"><testcase time="0.0030" name="testLastLocationAndDate" classname="UALocationServicesApplicationTest"/><testcase time="0.0050" name="testReportCurrentLocationShutsDownBackgroundTaskOnError" classname="UALocationServicesApplicationTest"/><testcase time="1.335" name="testReportCurrentLocationTimesOutWithError" classname="UALocationServicesApplicationTest"/><testcase time="0.0020" name="testSendLocationWithLocationManger" classname="UALocationServicesApplicationTest"/><testcase time="0.0030" name="testSignificantChangeNotifiesDelegate" classname="UALocationServicesApplicationTest"/><testcase time="0.0" name="testStopSingleLocationSetsShutdownScheduledFlag" classname="UALocationServicesApplicationTest"/><testcase time="0.0050" name="testUALocationEventUpdateType" classname="UALocationServicesApplicationTest"/><testcase time="0.824" name="testUALocationServiceDoesGetLocation" classname="UALocationServicesApplicationTest"/><testcase time="0.0020" name="testUALocationServiceSendsLocationToAnalytics" classname="UALocationServicesApplicationTest"/></testsuite>