<?xml version="1.0" encoding="UTF-8" standalone="yes"?><testsuite timestamp="2013-09-03T16:10:00Z" time="0.0" tests="15" name="UAAnalyticsTest" hostname="admin-2.prod.urbanairship.com" failures="0"><testcase time="0.354" name="testAddEvent" classname="UAAnalyticsTest"/><testcase time="0.0030" name="testAnalyticsIsThreadSafe" classname="UAAnalyticsTest"/><testcase time="0.0080" name="testDidBecomeActive" classname="UAAnalyticsTest"/><testcase time="0.0020" name="testDidBecomeActiveAfterForeground" classname="UAAnalyticsTest"/><testcase time="0.0030" name="testEnterBackground" classname="UAAnalyticsTest"/><testcase time="0.0020" name="testEnterForeground" classname="UAAnalyticsTest"/><testcase time="0.0030" name="testForegroundFromPush" classname="UAAnalyticsTest"/><testcase time="0.0020" name="testHandleNotification" classname="UAAnalyticsTest"/><testcase time="0.0030" name="testInvalidateBackgroundTask" classname="UAAnalyticsTest"/><testcase time="0.0020" name="testLastSendTimeGetSetMethods" classname="UAAnalyticsTest"/><testcase time="0.0030" name="testPrepareEventsForUpload" classname="UAAnalyticsTest"/><testcase time="0.0020" name="testSend" classname="UAAnalyticsTest"/><testcase time="0.0040" name="testShouldSendAnalyticsBackgroundLogic" classname="UAAnalyticsTest"/><testcase time="0.0020" name="testShouldSendAnalyticsCore" classname="UAAnalyticsTest"/><testcase time="0.0020" name="testWillResignActive" classname="UAAnalyticsTest"/></testsuite>